<?xml version="1.0" encoding="UTF-8"?>
<!-- Generated by org.testng.reporters.JUnitReportReporter -->
<testsuite hostname="Dorota" name="mytest.SimpleTest" tests="1" failures="0" timestamp="20 Sep 2016 13:06:49 GMT" time="3.621" errors="0">
  <testcase name="ff" time="3.621" classname="mytest.SimpleTest"/>
</testsuite> <!-- mytest.SimpleTest -->
