<?xml version="1.0" encoding="UTF-8"?>
<!-- Generated by org.testng.reporters.JUnitReportReporter -->
<testsuite hostname="Dorota" name="mytest.NewTest" tests="1" failures="0" timestamp="15 Sep 2016 11:54:07 GMT" time="8.689" errors="0">
  <testcase name="f" time="8.689" classname="mytest.NewTest"/>
</testsuite> <!-- mytest.NewTest -->
