<?xml version="1.0" encoding="UTF-8"?>
<!-- Generated by org.testng.reporters.JUnitReportReporter -->
<testsuite hostname="Dorota" name="mytest.NewTest1" tests="1" failures="0" timestamp="18 Sep 2016 17:42:34 GMT" time="47.703" errors="0">
  <testcase name="f" time="47.703" classname="mytest.NewTest1"/>
</testsuite> <!-- mytest.NewTest1 -->
